# JRE version: Java(TM) SE Runtime Environment (11.0.2+9) (build 11.0.2+9-LTS)
# Java VM: Java HotSpot(TM) 64-Bit Server VM (11.0.2+9-LTS, mixed mode, tiered, compressed oops, g1 gc, linux-amd64)
Heap:
 garbage-first heap   total 601088K, used 149445K [0x00000000b0a00000, 0x0000000100000000)
  region size 1024K, 1 young (1024K), 1 survivors (1024K)
 Metaspace       used 5495K, capacity 5686K, committed 6016K, reserved 1056768K
  class space    used 488K, capacity 552K, committed 640K, reserved 1048576K
GC Heap History (10 events):
Event: 12,368 GC heap before
{Heap before GC invocations=0 (full 0):
 garbage-first heap   total 81920K, used 24576K [0x00000000b0a00000, 0x0000000100000000)
  region size 1024K, 4 young (4096K), 0 survivors (0K)
 Metaspace       used 5494K, capacity 5686K, committed 6016K, reserved 1056768K
  class space    used 488K, capacity 552K, committed 640K, reserved 1048576K
}
Event: 12,372 GC heap after
{Heap after GC invocations=1 (full 0):
 garbage-first heap   total 81920K, used 11112K [0x00000000b0a00000, 0x0000000100000000)
  region size 1024K, 1 young (1024K), 1 survivors (1024K)
 Metaspace       used 5494K, capacity 5686K, committed 6016K, reserved 1056768K
  class space    used 488K, capacity 552K, committed 640K, reserved 1048576K
}
Event: 24,473 GC heap before
{Heap before GC invocations=2 (full 0):
 garbage-first heap   total 81920K, used 30568K [0x00000000b0a00000, 0x0000000100000000)
  region size 1024K, 1 young (1024K), 1 survivors (1024K)
 Metaspace       used 5495K, capacity 5686K, committed 6016K, reserved 1056768K
  class space    used 488K, capacity 552K, committed 640K, reserved 1048576K
}
Event: 24,479 GC heap after
{Heap after GC invocations=3 (full 0):
 garbage-first heap   total 81920K, used 20429K [0x00000000b0a00000, 0x0000000100000000)
  region size 1024K, 1 young (1024K), 1 survivors (1024K)
 Metaspace       used 5495K, capacity 5686K, committed 6016K, reserved 1056768K
  class space    used 488K, capacity 552K, committed 640K, reserved 1048576K
}
Event: 48,761 GC heap before
{Heap before GC invocations=4 (full 0):
 garbage-first heap   total 81920K, used 58317K [0x00000000b0a00000, 0x0000000100000000)
  region size 1024K, 1 young (1024K), 1 survivors (1024K)
 Metaspace       used 5495K, capacity 5686K, committed 6016K, reserved 1056768K
  class space    used 488K, capacity 552K, committed 640K, reserved 1048576K
}
Event: 48,769 GC heap after
{Heap after GC invocations=5 (full 0):
 garbage-first heap   total 81920K, used 38881K [0x00000000b0a00000, 0x0000000100000000)
  region size 1024K, 1 young (1024K), 1 survivors (1024K)
 Metaspace       used 5495K, capacity 5686K, committed 6016K, reserved 1056768K
  class space    used 488K, capacity 552K, committed 640K, reserved 1048576K
}
Event: 98,856 GC heap before
{Heap before GC invocations=6 (full 0):
 garbage-first heap   total 156672K, used 113633K [0x00000000b0a00000, 0x0000000100000000)
  region size 1024K, 1 young (1024K), 1 survivors (1024K)
 Metaspace       used 5495K, capacity 5686K, committed 6016K, reserved 1056768K
  class space    used 488K, capacity 552K, committed 640K, reserved 1048576K
}
Event: 98,955 GC heap after
{Heap after GC invocations=7 (full 0):
 garbage-first heap   total 156672K, used 75720K [0x00000000b0a00000, 0x0000000100000000)
  region size 1024K, 1 young (1024K), 1 survivors (1024K)
 Metaspace       used 5495K, capacity 5686K, committed 6016K, reserved 1056768K
  class space    used 488K, capacity 552K, committed 640K, reserved 1048576K
}
Event: 232,700 GC heap before
{Heap before GC invocations=8 (full 0):
 garbage-first heap   total 305152K, used 224200K [0x00000000b0a00000, 0x0000000100000000)
  region size 1024K, 1 young (1024K), 1 survivors (1024K)
 Metaspace       used 5495K, capacity 5686K, committed 6016K, reserved 1056768K
  class space    used 488K, capacity 552K, committed 640K, reserved 1048576K
}
Event: 249,310 GC heap after
{Heap after GC invocations=9 (full 0):
 garbage-first heap   total 305152K, used 149445K [0x00000000b0a00000, 0x0000000100000000)
  region size 1024K, 1 young (1024K), 1 survivors (1024K)
 Metaspace       used 5495K, capacity 5686K, committed 6016K, reserved 1056768K
  class space    used 488K, capacity 552K, committed 640K, reserved 1048576K
}

